Transferring file `02.Report_X202SC25022737-Z01-F001.zip'
Transferring file `MD5-manual.pdf'
Transferring file `MD5-win.exe'
Transferring file `MD5.txt'
Transferring file `Readme.html'
Transferring file `checkSize.xls'
Making directory `01.RawData'
Making directory `01.RawData/JT_plasmid'
Transferring file `01.RawData/JT_plasmid/JT_plasmid_CKDL250005148-1A_22MKWKLT4_L5_1.fq.gz'
Transferring file `01.RawData/JT_plasmid/JT_plasmid_CKDL250005148-1A_22MKWKLT4_L5_2.fq.gz'
Transferring file `01.RawData/JT_plasmid/MD5.txt'
Making directory `01.RawData/KS_Plasmid'
Transferring file `01.RawData/KS_Plasmid/KS_Plasmid_CKDL250005148-1A_22MKWKLT4_L5_1.fq.gz'
Transferring file `01.RawData/KS_Plasmid/KS_Plasmid_CKDL250005148-1A_22MKWKLT4_L5_2.fq.gz'
Transferring file `01.RawData/KS_Plasmid/MD5.txt'
Making directory `01.RawData/LA92_01'
Transferring file `01.RawData/LA92_01/LA92_01_CKDL250005148-1A_22MKWKLT4_L5_1.fq.gz'
Transferring file `01.RawData/LA92_01/LA92_01_CKDL250005148-1A_22MKWKLT4_L5_2.fq.gz'
Transferring file `01.RawData/LA92_01/MD5.txt'
Making directory `01.RawData/LA92_02'
Transferring file `01.RawData/LA92_02/LA92_02_CKDL250005148-1A_22MKWKLT4_L5_1.fq.gz'
Transferring file `01.RawData/LA92_02/LA92_02_CKDL250005148-1A_22MKWKLT4_L5_2.fq.gz'
Transferring file `01.RawData/LA92_02/MD5.txt'
Making directory `01.RawData/LA92_03'
Transferring file `01.RawData/LA92_03/LA92_03_CKDL250005148-1A_22MKWKLT4_L5_1.fq.gz'
Transferring file `01.RawData/LA92_03/LA92_03_CKDL250005148-1A_22MKWKLT4_L5_2.fq.gz'
Transferring file `01.RawData/LA92_03/MD5.txt'
Making directory `01.RawData/LA92_04'
Transferring file `01.RawData/LA92_04/LA92_04_CKDL250005148-1A_22MKWKLT4_L5_1.fq.gz'
Transferring file `01.RawData/LA92_04/LA92_04_CKDL250005148-1A_22MKWKLT4_L5_2.fq.gz'
Transferring file `01.RawData/LA92_04/MD5.txt'
Making directory `01.RawData/LA92_05'
Transferring file `01.RawData/LA92_05/LA92_05_CKDL250005148-1A_22MKWKLT4_L5_1.fq.gz'
Transferring file `01.RawData/LA92_05/LA92_05_CKDL250005148-1A_22MKWKLT4_L5_2.fq.gz'
Transferring file `01.RawData/LA92_05/MD5.txt'
Making directory `01.RawData/LA92_06'
Transferring file `01.RawData/LA92_06/LA92_06_CKDL250005148-1A_22MKWKLT4_L5_1.fq.gz'
Transferring file `01.RawData/LA92_06/LA92_06_CKDL250005148-1A_22MKWKLT4_L5_2.fq.gz'
Transferring file `01.RawData/LA92_06/MD5.txt'
Making directory `01.RawData/LA92_07'
Transferring file `01.RawData/LA92_07/LA92_07_CKDL250005148-1A_22MKWKLT4_L5_1.fq.gz'
Transferring file `01.RawData/LA92_07/LA92_07_CKDL250005148-1A_22MKWKLT4_L5_2.fq.gz'
Transferring file `01.RawData/LA92_07/MD5.txt'
Making directory `01.RawData/LA92_08'
Transferring file `01.RawData/LA92_08/LA92_08_CKDL250005148-1A_22MKWKLT4_L5_1.fq.gz'
Transferring file `01.RawData/LA92_08/LA92_08_CKDL250005148-1A_22MKWKLT4_L5_2.fq.gz'
Transferring file `01.RawData/LA92_08/MD5.txt'
Making directory `01.RawData/LA92_10'
Transferring file `01.RawData/LA92_10/LA92_10_CKDL250005148-1A_22MKWKLT4_L5_1.fq.gz'
Transferring file `01.RawData/LA92_10/LA92_10_CKDL250005148-1A_22MKWKLT4_L5_2.fq.gz'
Transferring file `01.RawData/LA92_10/MD5.txt'
Making directory `01.RawData/LA92_11'
Transferring file `01.RawData/LA92_11/LA92_11_CKDL250005148-1A_22MKWKLT4_L5_1.fq.gz'
Transferring file `01.RawData/LA92_11/LA92_11_CKDL250005148-1A_22MKWKLT4_L5_2.fq.gz'
Transferring file `01.RawData/LA92_11/MD5.txt'
Making directory `01.RawData/LA92_12'
Transferring file `01.RawData/LA92_12/LA92_12_CKDL250005148-1A_22MKWKLT4_L5_1.fq.gz'
Transferring file `01.RawData/LA92_12/LA92_12_CKDL250005148-1A_22MKWKLT4_L5_2.fq.gz'
Transferring file `01.RawData/LA92_12/MD5.txt'
Making directory `01.RawData/LA92_14'
Transferring file `01.RawData/LA92_14/LA92_14_CKDL250005148-1A_22MKWKLT4_L5_1.fq.gz'
Transferring file `01.RawData/LA92_14/LA92_14_CKDL250005148-1A_22MKWKLT4_L5_2.fq.gz'
Transferring file `01.RawData/LA92_14/MD5.txt'
Making directory `01.RawData/LA92_15'
Transferring file `01.RawData/LA92_15/LA92_15_CKDL250005148-1A_22MKWKLT4_L5_1.fq.gz'
Transferring file `01.RawData/LA92_15/LA92_15_CKDL250005148-1A_22MKWKLT4_L5_2.fq.gz'
Transferring file `01.RawData/LA92_15/MD5.txt'
Making directory `01.RawData/LA92_16'
Transferring file `01.RawData/LA92_16/LA92_16_CKDL250005148-1A_22MKWKLT4_L5_1.fq.gz'
Transferring file `01.RawData/LA92_16/LA92_16_CKDL250005148-1A_22MKWKLT4_L5_2.fq.gz'
Transferring file `01.RawData/LA92_16/MD5.txt'
Making directory `01.RawData/LA92_17'
Transferring file `01.RawData/LA92_17/LA92_17_CKDL250005148-1A_22MKWKLT4_L5_1.fq.gz'
Transferring file `01.RawData/LA92_17/LA92_17_CKDL250005148-1A_22MKWKLT4_L5_2.fq.gz'
Transferring file `01.RawData/LA92_17/MD5.txt'
Making directory `01.RawData/LA92_18'
Transferring file `01.RawData/LA92_18/LA92_18_CKDL250005148-1A_22MKWKLT4_L5_1.fq.gz'
Transferring file `01.RawData/LA92_18/LA92_18_CKDL250005148-1A_22MKWKLT4_L5_2.fq.gz'
Transferring file `01.RawData/LA92_18/MD5.txt'
Making directory `01.RawData/LA92_19'
Transferring file `01.RawData/LA92_19/LA92_19_CKDL250005148-1A_22MKWKLT4_L5_1.fq.gz'
Transferring file `01.RawData/LA92_19/LA92_19_CKDL250005148-1A_22MKWKLT4_L5_2.fq.gz'
Transferring file `01.RawData/LA92_19/MD5.txt'
Making directory `01.RawData/LA92_20'
Transferring file `01.RawData/LA92_20/LA92_20_CKDL250005148-1A_22MKWKLT4_L5_1.fq.gz'
Transferring file `01.RawData/LA92_20/LA92_20_CKDL250005148-1A_22MKWKLT4_L5_2.fq.gz'
Transferring file `01.RawData/LA92_20/MD5.txt'
Making directory `01.RawData/LA92_21'
Transferring file `01.RawData/LA92_21/LA92_21_CKDL250005148-1A_22MKWKLT4_L5_1.fq.gz'
Transferring file `01.RawData/LA92_21/LA92_21_CKDL250005148-1A_22MKWKLT4_L5_2.fq.gz'
Transferring file `01.RawData/LA92_21/MD5.txt'
Making directory `01.RawData/LA92_22'
Transferring file `01.RawData/LA92_22/LA92_22_CKDL250005148-1A_22MKWKLT4_L5_1.fq.gz'
Transferring file `01.RawData/LA92_22/LA92_22_CKDL250005148-1A_22MKWKLT4_L5_2.fq.gz'
Transferring file `01.RawData/LA92_22/MD5.txt'
Making directory `01.RawData/LA92_23'
Transferring file `01.RawData/LA92_23/LA92_23_CKDL250005148-1A_22MKWKLT4_L5_1.fq.gz'
Transferring file `01.RawData/LA92_23/LA92_23_CKDL250005148-1A_22MKWKLT4_L5_2.fq.gz'
Transferring file `01.RawData/LA92_23/MD5.txt'
Making directory `01.RawData/LA92_24'
Transferring file `01.RawData/LA92_24/LA92_24_CKDL250005148-1A_22MKWKLT4_L5_1.fq.gz'
Transferring file `01.RawData/LA92_24/LA92_24_CKDL250005148-1A_22MKWKLT4_L5_2.fq.gz'
Transferring file `01.RawData/LA92_24/MD5.txt'
Making directory `01.RawData/LA92_25'
Transferring file `01.RawData/LA92_25/LA92_25_CKDL250005148-1A_22MKWKLT4_L5_1.fq.gz'
Transferring file `01.RawData/LA92_25/LA92_25_CKDL250005148-1A_22MKWKLT4_L5_2.fq.gz'
Transferring file `01.RawData/LA92_25/MD5.txt'
Making directory `01.RawData/LA92_26'
Transferring file `01.RawData/LA92_26/LA92_26_CKDL250005148-1A_22MKWKLT4_L5_1.fq.gz'
Transferring file `01.RawData/LA92_26/LA92_26_CKDL250005148-1A_22MKWKLT4_L5_2.fq.gz'
Transferring file `01.RawData/LA92_26/MD5.txt'
Making directory `01.RawData/LA92_27'
Transferring file `01.RawData/LA92_27/LA92_27_CKDL250005148-1A_22MKWKLT4_L5_1.fq.gz'
Transferring file `01.RawData/LA92_27/LA92_27_CKDL250005148-1A_22MKWKLT4_L5_2.fq.gz'
Transferring file `01.RawData/LA92_27/MD5.txt'
Making directory `01.RawData/LA92_28'
Transferring file `01.RawData/LA92_28/LA92_28_CKDL250005148-1A_22MKWKLT4_L5_1.fq.gz'
Transferring file `01.RawData/LA92_28/LA92_28_CKDL250005148-1A_22MKWKLT4_L5_2.fq.gz'
Transferring file `01.RawData/LA92_28/MD5.txt'
Making directory `01.RawData/LA92_29'
Transferring file `01.RawData/LA92_29/LA92_29_CKDL250005148-1A_22MKWKLT4_L5_1.fq.gz'
Transferring file `01.RawData/LA92_29/LA92_29_CKDL250005148-1A_22MKWKLT4_L5_2.fq.gz'
Transferring file `01.RawData/LA92_29/MD5.txt'
Making directory `01.RawData/PR_plasmid'
Transferring file `01.RawData/PR_plasmid/MD5.txt'
Transferring file `01.RawData/PR_plasmid/PR_plasmid_CKDL250005148-1A_22MKWKLT4_L5_1.fq.gz'
Transferring file `01.RawData/PR_plasmid/PR_plasmid_CKDL250005148-1A_22MKWKLT4_L5_2.fq.gz'
JobID           JobName              Submit               Start                 End      State  Partition                        ReqTRES    CPUTime     MaxRSS                       NodeList 
------------ ---------- ------------------- ------------------- ------------------- ---------- ---------- ------------------------------ ---------- ---------- ------------------------------ 
47739248     Data_Down+ 2025-03-04T16:42:14 2025-03-04T16:42:29             Unknown    RUNNING      batch billing=1,cpu=1,mem=1024M,nod+   05:17:22                cfx22885s-srcf-d11-02-west 
47739248.ba+      batch 2025-03-04T16:42:29 2025-03-04T16:42:29             Unknown    RUNNING                                             05:17:22                cfx22885s-srcf-d11-02-west 
47739248.ex+     extern 2025-03-04T16:42:29 2025-03-04T16:42:29             Unknown    RUNNING                                             05:17:22                cfx22885s-srcf-d11-02-west 
