Using grouping parameters: ['gRNA_combination', 'gRNA_combination_unordered', 'gene_combination', 'gene_combination_unordered']
Processing data from /labs/mwinslow/Haiqing/UltraSeq_Projects/Kat7_dual_guide_tumor/02_data_cleaning_and_QC/data/Kat7_DualGuide_final_df.parquet...
Normal mode is implemented.
Focal genotype cell cutoff: 300
Reference genotype cell cutoff: 100
Focal genotype: ['KTHC']
Reference genotype: ['KT']
Calculating tumor size quantiles: ['50', '60', '70', '80', '90', '95', '96', '97', '98', '99']
Performing 1000 bootstrapping repeats
No sgRNA is excluded from the analysis
No sample is excluded from the analysis
There are 18 experiment mice
There are 5 control mice
Normal method is used for the analysis
Bootstrapping steps are finished
All steps finished
JobID           JobName              Submit               Start                 End      State  Partition                        ReqTRES    CPUTime     MaxRSS                       NodeList 
------------ ---------- ------------------- ------------------- ------------------- ---------- ---------- ------------------------------ ---------- ---------- ------------------------------ 
47942369     01-Bootst+ 2025-04-18T15:54:49 2025-04-18T15:55:04             Unknown    RUNNING      batch billing=1,cpu=1,mem=102400M,n+   00:29:22                cfx22885s-srcf-d11-16-east 
47942369.ba+      batch 2025-04-18T15:55:04 2025-04-18T15:55:04             Unknown    RUNNING                                             00:29:22                cfx22885s-srcf-d11-16-east 
47942369.ex+     extern 2025-04-18T15:55:04 2025-04-18T15:55:04             Unknown    RUNNING                                             00:29:22                cfx22885s-srcf-d11-16-east 
